<?xml version="1.0" encoding="UTF-8"?>
<testng-results ignored="0" total="1" passed="1" failed="0" skipped="0">
  <reporter-output>
  </reporter-output>
  <suite started-at="2024-06-12T14:09:48 IST" name="Default suite" finished-at="2024-06-12T14:09:54 IST" duration-ms="6261">
    <groups>
    </groups>
    <test started-at="2024-06-12T14:09:48 IST" name="Default test" finished-at="2024-06-12T14:09:54 IST" duration-ms="6261">
      <class name="TestNGpgm.DataDriven2">
        <test-method is-config="true" signature="setup()[pri:0, instance:TestNGpgm.DataDriven2@38d8f54a]" started-at="2024-06-12T14:09:48 IST" name="setup" finished-at="2024-06-12T14:09:49 IST" duration-ms="1873" status="PASS">
          <reporter-output>
          </reporter-output>
        </test-method> <!-- setup -->
        <test-method is-config="true" signature="urlopen()[pri:0, instance:TestNGpgm.DataDriven2@38d8f54a]" started-at="2024-06-12T14:09:50 IST" name="urlopen" finished-at="2024-06-12T14:09:51 IST" duration-ms="1726" status="PASS">
          <reporter-output>
          </reporter-output>
        </test-method> <!-- urlopen -->
        <test-method signature="main()[pri:0, instance:TestNGpgm.DataDriven2@38d8f54a]" started-at="2024-06-12T14:09:51 IST" name="main" finished-at="2024-06-12T14:09:54 IST" duration-ms="2629" status="PASS">
          <reporter-output>
          </reporter-output>
        </test-method> <!-- main -->
      </class> <!-- TestNGpgm.DataDriven2 -->
    </test> <!-- Default test -->
  </suite> <!-- Default suite -->
</testng-results>
